<?xml version="1.0" encoding="UTF-8"?>
<!-- Generated by org.testng.reporters.JUnitReportReporter -->
<testsuite hostname="Bharath" failures="0" tests="4" name="framework.tesng.concepts.AppCommons" time="0.030" errors="0" timestamp="2025-04-29T09:17:07 IST" skipped="0">
  <testcase classname="framework.tesng.concepts.AppCommons" name="TestCase1" time="0.011"/>
  <testcase classname="framework.tesng.concepts.AppCommons" name="TestCase2" time="0.003"/>
  <testcase classname="framework.tesng.concepts.AppCommons" name="TestCase3" time="0.011"/>
  <testcase classname="framework.tesng.concepts.AppCommons" name="TestCase3" time="0.005"/>
</testsuite> <!-- framework.tesng.concepts.AppCommons -->
